[2026-02-22T22:27:25.216169] health=healthy bridge=up data_age=0.16h converter=ok
[2026-02-22T22:30:00.132917+00:00] health=healthy bridge=up data_age=0.0h converter=ok
[2026-02-22T22:30:00.132917+00:00] health=healthy bridge=up data_age=0.0h converter=ok
[2026-02-22T23:00:00.655643+00:00] health=healthy bridge=up data_age=0.01h converter=ok
[2026-02-22T23:00:00.655643+00:00] health=healthy bridge=up data_age=0.01h converter=ok
[2026-02-22T23:30:00.381947+00:00] health=healthy bridge=up data_age=0.51h converter=ok
[2026-02-22T23:30:00.381947+00:00] health=healthy bridge=up data_age=0.51h converter=ok
[2026-02-23T00:00:01.123644+00:00] health=healthy bridge=up data_age=0.38h converter=ok
[2026-02-23T00:00:01.123644+00:00] health=healthy bridge=up data_age=0.38h converter=ok
[2026-02-23T00:30:00.367433+00:00] health=healthy bridge=up data_age=0.3h converter=ok
[2026-02-23T00:30:00.367433+00:00] health=healthy bridge=up data_age=0.3h converter=ok
[2026-02-23T01:00:01.045765+00:00] health=healthy bridge=up data_age=0.09h converter=ok
[2026-02-23T01:00:01.045765+00:00] health=healthy bridge=up data_age=0.09h converter=ok
[2026-02-23T01:30:00.812598+00:00] health=healthy bridge=up data_age=0.59h converter=ok
[2026-02-23T01:30:00.812598+00:00] health=healthy bridge=up data_age=0.59h converter=ok
[2026-02-23T02:00:00.314206+00:00] health=healthy bridge=up data_age=0.5h converter=ok
[2026-02-23T02:00:00.314206+00:00] health=healthy bridge=up data_age=0.5h converter=ok
[2026-02-23T02:30:00.181106+00:00] health=healthy bridge=up data_age=0.38h converter=ok
[2026-02-23T02:30:00.181106+00:00] health=healthy bridge=up data_age=0.38h converter=ok
[2026-02-23T03:00:00.917155+00:00] health=healthy bridge=up data_age=0.05h converter=ok
[2026-02-23T03:00:00.917155+00:00] health=healthy bridge=up data_age=0.05h converter=ok
[2026-02-23T03:30:00.688905+00:00] health=healthy bridge=up data_age=0.09h converter=ok
[2026-02-23T03:30:00.688905+00:00] health=healthy bridge=up data_age=0.09h converter=ok
[2026-02-23T04:00:00.496331+00:00] health=healthy bridge=up data_age=0.23h converter=ok
[2026-02-23T04:00:00.496331+00:00] health=healthy bridge=up data_age=0.23h converter=ok
[2026-02-23T04:30:00.522314+00:00] health=healthy bridge=up data_age=0.29h converter=ok
[2026-02-23T04:30:00.522314+00:00] health=healthy bridge=up data_age=0.29h converter=ok
[2026-02-23T05:00:00.145971+00:00] health=healthy bridge=up data_age=0.25h converter=ok
[2026-02-23T05:00:00.145971+00:00] health=healthy bridge=up data_age=0.25h converter=ok
[2026-02-23T05:30:01.071590+00:00] health=healthy bridge=up data_age=0.23h converter=ok
[2026-02-23T05:30:01.071590+00:00] health=healthy bridge=up data_age=0.23h converter=ok
[2026-02-23T06:00:00.461405+00:00] health=healthy bridge=up data_age=0.19h converter=ok
[2026-02-23T06:00:00.461405+00:00] health=healthy bridge=up data_age=0.19h converter=ok
[2026-02-23T06:30:00.382946+00:00] health=healthy bridge=up data_age=0.13h converter=ok
[2026-02-23T06:30:00.382946+00:00] health=healthy bridge=up data_age=0.13h converter=ok
[2026-02-23T07:00:01.005647+00:00] health=healthy bridge=up data_age=0.14h converter=ok
[2026-02-23T07:00:01.005647+00:00] health=healthy bridge=up data_age=0.14h converter=ok
[2026-02-23T07:30:00.506428+00:00] health=healthy bridge=up data_age=0.11h converter=ok
[2026-02-23T07:30:00.506428+00:00] health=healthy bridge=up data_age=0.11h converter=ok
[2026-02-23T08:00:01.141071+00:00] health=healthy bridge=up data_age=0.61h converter=ok
[2026-02-23T08:00:01.141071+00:00] health=healthy bridge=up data_age=0.61h converter=ok
[2026-02-23T08:30:01.025326+00:00] health=healthy bridge=up data_age=0.0h converter=ok
[2026-02-23T08:30:01.025326+00:00] health=healthy bridge=up data_age=0.0h converter=ok
[2026-02-23T09:00:01.054006+00:00] health=healthy bridge=up data_age=0.47h converter=ok
[2026-02-23T09:00:01.054006+00:00] health=healthy bridge=up data_age=0.47h converter=ok
[2026-02-23T09:30:00.987861+00:00] health=healthy bridge=up data_age=0.25h converter=ok
[2026-02-23T09:30:00.987861+00:00] health=healthy bridge=up data_age=0.25h converter=ok
[2026-02-23T10:00:00.809089+00:00] health=healthy bridge=up data_age=0.19h converter=ok
[2026-02-23T10:00:00.809089+00:00] health=healthy bridge=up data_age=0.19h converter=ok
[2026-02-23T10:30:00.804633+00:00] health=healthy bridge=up data_age=0.05h converter=ok
[2026-02-23T10:30:00.804633+00:00] health=healthy bridge=up data_age=0.05h converter=ok
[2026-02-23T11:00:00.450777+00:00] health=healthy bridge=up data_age=0.04h converter=ok
[2026-02-23T11:00:00.450777+00:00] health=healthy bridge=up data_age=0.04h converter=ok
[2026-02-23T11:30:00.325992+00:00] health=healthy bridge=up data_age=0.54h converter=ok
[2026-02-23T11:30:00.325992+00:00] health=healthy bridge=up data_age=0.54h converter=ok
[2026-02-23T12:00:01.036412+00:00] health=healthy bridge=up data_age=0.0h converter=ok
[2026-02-23T12:00:01.036412+00:00] health=healthy bridge=up data_age=0.0h converter=ok
[2026-02-23T12:30:00.350268+00:00] health=healthy bridge=up data_age=0.0h converter=ok
[2026-02-23T12:30:00.350268+00:00] health=healthy bridge=up data_age=0.0h converter=ok
[2026-02-23T13:00:00.783278+00:00] health=healthy bridge=up data_age=0.44h converter=ok
[2026-02-23T13:00:00.783278+00:00] health=healthy bridge=up data_age=0.44h converter=ok
[2026-02-23T13:30:01.039373+00:00] health=degraded bridge=up data_age=0.94h converter=FileNotFoundError: [Errno 2] No such fil
[2026-02-23T13:30:01.039373+00:00] health=degraded bridge=up data_age=0.94h converter=FileNotFoundError: [Errno 2] No such fil
[2026-02-23T14:00:01.067512+00:00] health=degraded bridge=up data_age=1.44h converter=FileNotFoundError: [Errno 2] No such fil
[2026-02-23T14:00:01.067512+00:00] health=degraded bridge=up data_age=1.44h converter=FileNotFoundError: [Errno 2] No such fil
[2026-02-23T14:30:00.776396+00:00] health=degraded bridge=up data_age=0.04h converter=FileNotFoundError: [Errno 2] No such fil
[2026-02-23T14:30:00.776396+00:00] health=degraded bridge=up data_age=0.04h converter=FileNotFoundError: [Errno 2] No such fil
[2026-02-23T15:00:00.552397+00:00] health=degraded bridge=up data_age=0.54h converter=FileNotFoundError: [Errno 2] No such fil
[2026-02-23T15:00:00.552397+00:00] health=degraded bridge=up data_age=0.54h converter=FileNotFoundError: [Errno 2] No such fil
[2026-02-23T15:30:00.978817+00:00] health=degraded bridge=up data_age=0.41h converter=FileNotFoundError: [Errno 2] No such fil
[2026-02-23T15:30:00.978817+00:00] health=degraded bridge=up data_age=0.41h converter=FileNotFoundError: [Errno 2] No such fil
[2026-02-23T16:00:01.179757+00:00] health=degraded bridge=up data_age=0.1h converter=FileNotFoundError: [Errno 2] No such fil
[2026-02-23T16:00:01.179757+00:00] health=degraded bridge=up data_age=0.1h converter=FileNotFoundError: [Errno 2] No such fil
[2026-02-23T16:30:00.395322+00:00] health=degraded bridge=up data_age=0.04h converter=FileNotFoundError: [Errno 2] No such fil
[2026-02-23T16:30:00.395322+00:00] health=degraded bridge=up data_age=0.04h converter=FileNotFoundError: [Errno 2] No such fil
[2026-02-23T17:00:01.063592+00:00] health=degraded bridge=up data_age=0.07h converter=FileNotFoundError: [Errno 2] No such fil
[2026-02-23T17:00:01.063592+00:00] health=degraded bridge=up data_age=0.07h converter=FileNotFoundError: [Errno 2] No such fil
[2026-02-23T17:30:00.348847+00:00] health=degraded bridge=up data_age=0.07h converter=FileNotFoundError: [Errno 2] No such fil
[2026-02-23T17:30:00.348847+00:00] health=degraded bridge=up data_age=0.07h converter=FileNotFoundError: [Errno 2] No such fil
[2026-02-23T18:00:01.042673+00:00] health=degraded bridge=up data_age=0.57h converter=FileNotFoundError: [Errno 2] No such fil
[2026-02-23T18:00:01.042673+00:00] health=degraded bridge=up data_age=0.57h converter=FileNotFoundError: [Errno 2] No such fil
[2026-02-23T18:30:01.092449+00:00] health=degraded bridge=up data_age=0.42h converter=FileNotFoundError: [Errno 2] No such fil
[2026-02-23T18:30:01.092449+00:00] health=degraded bridge=up data_age=0.42h converter=FileNotFoundError: [Errno 2] No such fil
[2026-02-23T21:00:00.296193+00:00] health=degraded bridge=up data_age=0.19h converter=FileNotFoundError: [Errno 2] No such fil
[2026-02-23T21:00:00.296193+00:00] health=degraded bridge=up data_age=0.19h converter=FileNotFoundError: [Errno 2] No such fil
[2026-02-23T21:30:00.580219+00:00] health=degraded bridge=up data_age=0.11h converter=FileNotFoundError: [Errno 2] No such fil
[2026-02-23T21:30:00.580219+00:00] health=degraded bridge=up data_age=0.11h converter=FileNotFoundError: [Errno 2] No such fil
[2026-02-23T22:00:00.991934+00:00] health=degraded bridge=up data_age=0.61h converter=FileNotFoundError: [Errno 2] No such fil
[2026-02-23T22:00:00.991934+00:00] health=degraded bridge=up data_age=0.61h converter=FileNotFoundError: [Errno 2] No such fil
[2026-02-23T22:30:00.315121+00:00] health=degraded bridge=up data_age=0.45h converter=FileNotFoundError: [Errno 2] No such fil
[2026-02-23T22:30:00.315121+00:00] health=degraded bridge=up data_age=0.45h converter=FileNotFoundError: [Errno 2] No such fil
[2026-02-23T23:00:00.778291+00:00] health=degraded bridge=up data_age=0.42h converter=FileNotFoundError: [Errno 2] No such fil
[2026-02-23T23:00:00.778291+00:00] health=degraded bridge=up data_age=0.42h converter=FileNotFoundError: [Errno 2] No such fil
[2026-02-23T23:30:00.277067+00:00] health=degraded bridge=up data_age=0.1h converter=FileNotFoundError: [Errno 2] No such fil
[2026-02-23T23:30:00.277067+00:00] health=degraded bridge=up data_age=0.1h converter=FileNotFoundError: [Errno 2] No such fil
[2026-02-24T00:00:01.126802+00:00] health=degraded bridge=up data_age=0.2h converter=FileNotFoundError: [Errno 2] No such fil fin_converter=no log file fin_dojo_age=14.38h
[2026-02-24T00:00:01.126802+00:00] health=degraded bridge=up data_age=0.2h converter=FileNotFoundError: [Errno 2] No such fil fin_converter=no log file fin_dojo_age=14.38h
[2026-02-24T00:30:00.479681+00:00] health=degraded bridge=up data_age=0.16h converter=FileNotFoundError: [Errno 2] No such fil fin_converter=no log file fin_dojo_age=14.88h
[2026-02-24T00:30:00.479681+00:00] health=degraded bridge=up data_age=0.16h converter=FileNotFoundError: [Errno 2] No such fil fin_converter=no log file fin_dojo_age=14.88h
[2026-02-24T00:42:11.392831+00:00] health=degraded bridge=up data_age=0.36h converter=FileNotFoundError: [Errno 2] No such fil fin_converter=no log file fin_dojo_age=0.0h
[2026-02-24T00:47:25.901371+00:00] health=healthy bridge=up data_age=0.45h converter=ok fin_converter=ok fin_dojo_age=0.0h
[2026-02-24T01:00:00.623465+00:00] health=healthy bridge=up data_age=0.0h converter=ok fin_converter=ok fin_dojo_age=0.21h
[2026-02-24T01:00:00.623465+00:00] health=healthy bridge=up data_age=0.0h converter=ok fin_converter=ok fin_dojo_age=0.21h
